vvvvvvvvvvvvvvvvvvvvvvvv Tablero1
         0        
    +XXXXXXXXX+   
    X         X   
  0 X         X 0 
    X         X   
    +XXXXXXXXX+   
         0          
Haciendo análisis sintáctico.
Explotando macros del programa.
Haciendo análisis semántico.
Compilando.
Ejecutando el programa.

--
p1e9.gbs (línea 19, columna 2)
cerca de invocación a procedimiento
 |
 V
 Mover(Este); Poner(Verde)

--

Error en tiempo de ejecución:

    No se puede mover el cabezal en dirección: Este
    La posición cae afuera del tablero
    
    En:
        entrypoint program (p1e9.gbs:19)
    

^^^^^^^^^^^^^^^^^^^^^^^^ Tablero1
vvvvvvvvvvvvvvvvvvvvvvvv Tablero2
         0        
    +XXXXXXXXX+   
    X  1N     X   
  0 X         X 0 
    X  1V  3R X   
    +XXXXXXXXX+   
         0          
Haciendo análisis sintáctico.
Explotando macros del programa.
Haciendo análisis semántico.
Compilando.
Ejecutando el programa.

--
p1e9.gbs (línea 19, columna 2)
cerca de invocación a procedimiento
 |
 V
 Mover(Este); Poner(Verde)

--

Error en tiempo de ejecución:

    No se puede mover el cabezal en dirección: Este
    La posición cae afuera del tablero
    
    En:
        entrypoint program (p1e9.gbs:19)
    

^^^^^^^^^^^^^^^^^^^^^^^^ Tablero2
vvvvvvvvvvvvvvvvvvvvvvvv Tablero3
         0        
    +XXXXXXXXX+   
    X  1N  3A X   
  0 X         X 0 
    X  1V  3R X   
    +XXXXXXXXX+   
         0          
Haciendo análisis sintáctico.
Explotando macros del programa.
Haciendo análisis semántico.
Compilando.
Ejecutando el programa.

--
p1e9.gbs (línea 19, columna 2)
cerca de invocación a procedimiento
 |
 V
 Mover(Este); Poner(Verde)

--

Error en tiempo de ejecución:

    No se puede mover el cabezal en dirección: Este
    La posición cae afuera del tablero
    
    En:
        entrypoint program (p1e9.gbs:19)
    

^^^^^^^^^^^^^^^^^^^^^^^^ Tablero3
vvvvvvvvvvvvvvvvvvvvvvvv Tablero4
         0         1         2         3        
    +---------+---------+---------+---------+   
    |         |         |         |         |   
  2 |         |         |         |         | 2 
    |         |         |         |         |   
    +---------+XXXXXXXXX+---------+---------+   
    |         X         X         |         |   
  1 |         X         X         |         | 1 
    |         X         X         |         |   
    +---------+XXXXXXXXX+---------+---------+   
    |         |         |         |         |   
  0 |         |         |         |         | 0 
    |         |         |         |         |   
    +---------+---------+---------+---------+   
         0         1         2         3          
Haciendo análisis sintáctico.
Explotando macros del programa.
Haciendo análisis semántico.
Compilando.
Ejecutando el programa.
         0         1         2         3        
    +---------+---------+---------+---------+   
    |         |         |         |         |   
  2 |         |         |         |         | 2 
    |  1V     |  1V     |  1V     |         |   
    +---------+XXXXXXXXX+---------+---------+   
    |         X         X         |         |   
  1 |         X         X         |         | 1 
    |  1V     X  1V     X  2V     |         |   
    +---------+XXXXXXXXX+---------+---------+   
    |         |         |         |         |   
  0 |         |         |         |         | 0 
    |  1V     |  1V     |  1V     |         |   
    +---------+---------+---------+---------+   
         0         1         2         3          
^^^^^^^^^^^^^^^^^^^^^^^^ Tablero4
vvvvvvvvvvvvvvvvvvvvvvvv Tablero5
         0         1         2         3        
    +XXXXXXXXX+---------+---------+---------+   
    X         X         |         |         |   
  2 X         X         |         |         | 2 
    X         X         |         |         |   
    +XXXXXXXXX+---------+---------+---------+   
    |         |         |         |         |   
  1 |         |         |         |         | 1 
    |         |         |         |         |   
    +---------+---------+---------+---------+   
    |         |         |         |         |   
  0 |         |         |         |         | 0 
    |         |         |         |         |   
    +---------+---------+---------+---------+   
         0         1         2         3          
Haciendo análisis sintáctico.
Explotando macros del programa.
Haciendo análisis semántico.
Compilando.
Ejecutando el programa.

--
p1e9.gbs (línea 20, columna 2)
cerca de invocación a procedimiento
 |
 V
 Mover(Norte); Poner(Verde)

--

Error en tiempo de ejecución:

    No se puede mover el cabezal en dirección: Norte
    La posición cae afuera del tablero
    
    En:
        entrypoint program (p1e9.gbs:20)
    

^^^^^^^^^^^^^^^^^^^^^^^^ Tablero5
vvvvvvvvvvvvvvvvvvvvvvvv Tablero6
         0         1         2         3        
    +---------+XXXXXXXXX+---------+---------+   
    |         X      1A X         |         |   
  2 |         X         X         |         | 2 
    |         X  2V     X  2V     |  3V     |   
    +---------+XXXXXXXXX+---------+---------+   
    |         |         |         |         |   
  1 |         |         |         |         | 1 
    |         |         |         |         |   
    +---------+---------+---------+---------+   
    |         |         |         |  2N  2A |   
  0 |         |         |         |         | 0 
    |         |         |         |         |   
    +---------+---------+---------+---------+   
         0         1         2         3          
Haciendo análisis sintáctico.
Explotando macros del programa.
Haciendo análisis semántico.
Compilando.
Ejecutando el programa.

--
p1e9.gbs (línea 20, columna 2)
cerca de invocación a procedimiento
 |
 V
 Mover(Norte); Poner(Verde)

--

Error en tiempo de ejecución:

    No se puede mover el cabezal en dirección: Norte
    La posición cae afuera del tablero
    
    En:
        entrypoint program (p1e9.gbs:20)
    

^^^^^^^^^^^^^^^^^^^^^^^^ Tablero6
vvvvvvvvvvvvvvvvvvvvvvvv Tablero7
         0         1         2         3        
    +---------+XXXXXXXXX+---------+---------+   
    |      1A X         X         |         |   
  2 |         X         X         |         | 2 
    |      3R X  1V     X         |  1V     |   
    +---------+XXXXXXXXX+---------+---------+   
    |      1A |         |  3N     |         |   
  1 |         |         |         |         | 1 
    |         |      1R |         |         |   
    +---------+---------+---------+---------+   
    |  2N 15A |         |         |         |   
  0 |         |         |         |         | 0 
    |  2V     |         |      1R |         |   
    +---------+---------+---------+---------+   
         0         1         2         3          
Haciendo análisis sintáctico.
Explotando macros del programa.
Haciendo análisis semántico.
Compilando.
Ejecutando el programa.

--
p1e9.gbs (línea 20, columna 2)
cerca de invocación a procedimiento
 |
 V
 Mover(Norte); Poner(Verde)

--

Error en tiempo de ejecución:

    No se puede mover el cabezal en dirección: Norte
    La posición cae afuera del tablero
    
    En:
        entrypoint program (p1e9.gbs:20)
    

^^^^^^^^^^^^^^^^^^^^^^^^ Tablero7
vvvvvvvvvvvvvvvvvvvvvvvv Tablero8
         0         1         2         3        
    +---------+---------+---------+---------+   
    |         |         |         |         |   
  2 |         |         |         |         | 2 
    |  1V     |  1V     |  2V     |  1V     |   
    +---------+---------+---------+---------+   
    |         |         |         |         |   
  1 |         |         |         |         | 1 
    |  1V     |  2V     |  2V     |  1V     |   
    +---------+---------+XXXXXXXXX+---------+   
    |         |         X         X         |   
  0 |         |         X         X         | 0 
    |  1V     |  2V     X  1V     X  1V     |   
    +---------+---------+XXXXXXXXX+---------+   
         0         1         2         3          
Haciendo análisis sintáctico.
Explotando macros del programa.
Haciendo análisis semántico.
Compilando.
Ejecutando el programa.

--
p1e9.gbs (línea 24, columna 2)
cerca de invocación a procedimiento
 |
 V
 Mover(Sur); Poner(Verde)

--

Error en tiempo de ejecución:

    No se puede mover el cabezal en dirección: Sur
    La posición cae afuera del tablero
    
    En:
        entrypoint program (p1e9.gbs:24)
    

^^^^^^^^^^^^^^^^^^^^^^^^ Tablero8
vvvvvvvvvvvvvvvvvvvvvvvv Tablero9
         0         1         2         3         4         5         6        
    +---------+---------+---------+---------+---------+---------+---------+   
    |         |  2N  3A |         |  1N     |         |  3N     |  1N  2A |   
  3 |         |         |         |         |         |         |         | 3 
    |  1V  2R |  2V     |         |  1V  1R |  2V     |  1V     |      3R |   
    +---------+---------+---------+---------+---------+---------+---------+   
    |  1N  1A |         |  2N 18A |         |         |         |     14A |   
  2 |         |         |         |         |         |         |         | 2 
    |      1R |      1R |  3V     |         |  4V     |  1V     |      2R |   
    +---------+---------+---------+XXXXXXXXX+---------+---------+---------+   
    |  1N     |         |  1N  1A X         X         |  2N     |         |   
  1 |         |         |         X         X         |         |         | 1 
    |  1V     |         |  1V     X         X         |         |  2V  4R |   
    +---------+---------+---------+XXXXXXXXX+---------+---------+---------+   
    |         |         |         |         |  3N 24A |         |         |   
  0 |         |         |         |         |         |         |         | 0 
    |         |         |         |  1V     |  4V     |         |         |   
    +---------+---------+---------+---------+---------+---------+---------+   
         0         1         2         3         4         5         6          
Haciendo análisis sintáctico.
Explotando macros del programa.
Haciendo análisis semántico.
Compilando.
Ejecutando el programa.
         0         1         2         3         4         5         6        
    +---------+---------+---------+---------+---------+---------+---------+   
    |         |  2N  3A |         |  1N     |         |  3N     |  1N  2A |   
  3 |         |         |         |         |         |         |         | 3 
    |  1V  2R |  2V     |         |  1V  1R |  2V     |  1V     |      3R |   
    +---------+---------+---------+---------+---------+---------+---------+   
    |  1N  1A |         |  2N 18A |         |         |         |     14A |   
  2 |         |         |         |         |         |         |         | 2 
    |      1R |      1R |  4V     |  1V     |  5V     |  1V     |      2R |   
    +---------+---------+---------+XXXXXXXXX+---------+---------+---------+   
    |  1N     |         |  1N  1A X         X         |  2N     |         |   
  1 |         |         |         X         X         |         |         | 1 
    |  1V     |         |  2V     X  1V     X  2V     |         |  2V  4R |   
    +---------+---------+---------+XXXXXXXXX+---------+---------+---------+   
    |         |         |         |         |  3N 24A |         |         |   
  0 |         |         |         |         |         |         |         | 0 
    |         |         |  1V     |  2V     |  5V     |         |         |   
    +---------+---------+---------+---------+---------+---------+---------+   
         0         1         2         3         4         5         6          
^^^^^^^^^^^^^^^^^^^^^^^^ Tablero9
